<?xml version="1.0" encoding="UTF-8"?>
<!-- Generated by org.testng.reporters.JUnitReportReporter -->
<testsuite hostname="DESKTOP-7F0ETDC" failures="0" tests="1" name="profile.main_Profile" time="81.811" errors="0" timestamp="22 Jul 2021 05:13:21 GMT">
  <testcase classname="profile.main_Profile" name="mainprofile" time="81.811"/>
</testsuite> <!-- profile.main_Profile -->
