<?xml version="1.0" encoding="UTF-8"?>
<!-- Generated by org.testng.reporters.JUnitReportReporter -->
<testsuite hostname="DESKTOP-7F0ETDC" failures="0" tests="1" name="user.userlistpagenavigation" time="516.844" errors="0" timestamp="10 Jul 2021 10:19:04 GMT">
  <testcase classname="user.userlistpagenavigation" name="f" time="516.844"/>
</testsuite> <!-- user.userlistpagenavigation -->
