<?xml version="1.0" encoding="UTF-8"?>
<!-- Generated by org.testng.reporters.JUnitReportReporter -->
<testsuite hostname="DESKTOP-7F0ETDC" failures="0" tests="1" name="user.User_Create_main" time="205.127" errors="0" timestamp="14 Jul 2021 13:05:09 GMT">
  <testcase classname="user.User_Create_main" name="main" time="205.127"/>
</testsuite> <!-- user.User_Create_main -->
