<?xml version="1.0" encoding="UTF-8"?>
<!-- Generated by org.testng.reporters.JUnitReportReporter -->
<testsuite hostname="DESKTOP-7F0ETDC" failures="0" tests="1" name="user.Userlistpagenavigationinactiveusers" time="515.351" errors="0" timestamp="14 Jul 2021 11:32:05 GMT">
  <testcase classname="user.Userlistpagenavigationinactiveusers" name="f" time="515.351"/>
</testsuite> <!-- user.Userlistpagenavigationinactiveusers -->
