<?xml version="1.0" encoding="UTF-8"?>
<!-- Generated by org.testng.reporters.JUnitReportReporter -->
<testsuite hostname="DESKTOP-7F0ETDC" failures="0" tests="1" name="loginhistory.loginhistory" time="324.009" errors="0" timestamp="9 Jun 2022 06:37:30 GMT">
  <testcase classname="loginhistory.loginhistory" name="f" time="324.009"/>
</testsuite> <!-- loginhistory.loginhistory -->
