<?xml version="1.0" encoding="UTF-8"?>
<!-- Generated by org.testng.reporters.JUnitReportReporter -->
<testsuite hostname="DESKTOP-7F0ETDC" failures="0" tests="1" name="user.Userlistpagenavigationactiveusers" time="496.259" errors="0" timestamp="14 Jul 2021 12:12:19 GMT">
  <testcase classname="user.Userlistpagenavigationactiveusers" name="f" time="496.259"/>
</testsuite> <!-- user.Userlistpagenavigationactiveusers -->
