<?xml version="1.0" encoding="UTF-8"?>
<!-- Generated by org.testng.reporters.JUnitReportReporter -->
<testsuite hostname="DESKTOP-7F0ETDC" failures="0" tests="1" name="login.login" time="59.391" errors="0" timestamp="2022-07-15T17:10:16 IST" skipped="0">
  <testcase classname="login.login" name="f" time="59.391"/>
  <system-out/>
</testsuite> <!-- login.login -->
