<?xml version="1.0" encoding="UTF-8"?>
<!-- Generated by org.testng.reporters.JUnitReportReporter -->
<testsuite hostname="DESKTOP-7F0ETDC" failures="0" tests="1" name="login.loginwithmultipledata" time="47.866" errors="0" timestamp="2022-07-19T18:06:17 IST" skipped="0">
  <testcase classname="login.loginwithmultipledata" name="f" time="47.866"/>
  <system-out/>
</testsuite> <!-- login.loginwithmultipledata -->
