<?xml version="1.0" encoding="UTF-8"?>
<!-- Generated by org.testng.reporters.JUnitReportReporter -->
<testsuite hostname="DESKTOP-7F0ETDC" failures="0" tests="1" name="role.Main_role" time="250.356" errors="0" timestamp="23 Jul 2021 10:19:47 GMT">
  <testcase classname="role.Main_role" name="main" time="250.356"/>
</testsuite> <!-- role.Main_role -->
